<?xml version="1.0" encoding="UTF-8"?>
<!-- Generated by org.testng.reporters.JUnitReportReporter -->
<testsuite hostname="Ravi" name="com.cucumber.framework.runner.productCategory.TestProductsCountBasedOnColorRunner" tests="1" failures="0" timestamp="16 Jan 2018 16:56:33 GMT" time="25.712" errors="0">
  <testcase name="feature" time="25.712" classname="com.cucumber.framework.runner.productCategory.TestProductsCountBasedOnColorRunner"/>
</testsuite> <!-- com.cucumber.framework.runner.productCategory.TestProductsCountBasedOnColorRunner -->
