<?xml version="1.0" encoding="UTF-8"?>
<!-- Generated by org.testng.reporters.JUnitReportReporter -->
<testsuite hostname="Ravi" name="com.cucumber.framework.runner.productCategory.TestTotalNumberOfWomenDressProductRunner" tests="1" failures="0" timestamp="21 Jan 2018 05:54:18 GMT" time="14.647" errors="0">
  <testcase name="feature" time="14.647" classname="com.cucumber.framework.runner.productCategory.TestTotalNumberOfWomenDressProductRunner"/>
</testsuite> <!-- com.cucumber.framework.runner.productCategory.TestTotalNumberOfWomenDressProductRunner -->
