<?xml version="1.0" encoding="UTF-8"?>
<!-- Generated by org.testng.reporters.JUnitReportReporter -->
<testsuite hostname="Ravi" name="com.cucumber.framework.runner.productCategory.TestTotalNumberOfWomenDressProductRunner" tests="1" failures="0" timestamp="17 Jan 2018 14:15:58 GMT" time="45.600" errors="0">
  <testcase name="feature" time="45.600" classname="com.cucumber.framework.runner.productCategory.TestTotalNumberOfWomenDressProductRunner"/>
</testsuite> <!-- com.cucumber.framework.runner.productCategory.TestTotalNumberOfWomenDressProductRunner -->
