<?xml version="1.0" encoding="UTF-8"?>
<!-- Generated by org.testng.reporters.JUnitReportReporter -->
<testsuite hostname="Ravi" name="com.cucumber.framework.runner.productCategory.TestTotalNumberOfWomenDressProductRunner" tests="1" failures="0" timestamp="16 Jan 2018 16:56:33 GMT" time="25.190" errors="0">
  <testcase name="feature" time="25.190" classname="com.cucumber.framework.runner.productCategory.TestTotalNumberOfWomenDressProductRunner"/>
</testsuite> <!-- com.cucumber.framework.runner.productCategory.TestTotalNumberOfWomenDressProductRunner -->
