<?xml version="1.0" encoding="UTF-8"?>
<!-- Generated by org.testng.reporters.JUnitReportReporter -->
<testsuite hostname="Ravi" name="com.cucumber.framework.runner.productCategory.TestProductsCountBasedOnColorRunner" tests="1" failures="0" timestamp="17 Jan 2018 15:33:10 GMT" time="63.119" errors="0">
  <testcase name="feature" time="63.119" classname="com.cucumber.framework.runner.productCategory.TestProductsCountBasedOnColorRunner"/>
</testsuite> <!-- com.cucumber.framework.runner.productCategory.TestProductsCountBasedOnColorRunner -->
